<?xml version="1.0" encoding="UTF-8"?>
<!-- Generated by org.testng.reporters.JUnitReportReporter -->
<testsuite skipped="0" hostname="Nikhil" name="V_TestNG.Facebook_HomePage" tests="1" failures="0" timestamp="2022-05-19T21:36:24 IST" time="6.473" errors="0">
  <testcase name="url" time="6.473" classname="V_TestNG.Facebook_HomePage"/>
  <system-out/>
</testsuite> <!-- V_TestNG.Facebook_HomePage -->
